<?xml version="1.0" encoding="UTF-8"?>
<testng-results ignored="0" total="1" passed="1" failed="0" skipped="0">
  <reporter-output>
  </reporter-output>
  <suite started-at="2024-06-11T11:29:18 PKT" name="All Test Suite" finished-at="2024-06-11T11:29:18 PKT" duration-ms="639">
    <groups>
      <group name="cucumber">
        <method signature="AbstractTestNGCucumberTests.runScenario(io.cucumber.testng.PickleWrapper,io.cucumber.testng.FeatureWrapper)[pri:0, instance:org.jk.runner.CucumberRunnerIT@3911c2a7]" name="runScenario" class="io.cucumber.testng.AbstractTestNGCucumberTests"/>
      </group> <!-- cucumber -->
    </groups>
    <test started-at="2024-06-11T11:29:18 PKT" name="E:/Cucumber-Test" finished-at="2024-06-11T11:29:18 PKT" duration-ms="639">
      <class name="org.jk.runner.CucumberRunnerIT">
        <test-method is-config="true" signature="setUpClass(org.testng.ITestContext)[pri:0, instance:org.jk.runner.CucumberRunnerIT@3911c2a7]" started-at="2024-06-11T11:29:18 PKT" name="setUpClass" finished-at="2024-06-11T11:29:18 PKT" duration-ms="403" status="PASS">
          <params>
            <param index="0">
              <value>
                <![CDATA[org.testng.TestRunner@15713d56]]>
              </value>
            </param>
          </params>
          <reporter-output>
          </reporter-output>
        </test-method> <!-- setUpClass -->
        <test-method signature="runScenario(io.cucumber.testng.PickleWrapper,io.cucumber.testng.FeatureWrapper)[pri:0, instance:org.jk.runner.CucumberRunnerIT@3911c2a7]" started-at="2024-06-11T11:29:18 PKT" name="runScenario" description="Runs Cucumber Scenarios" data-provider="scenarios" finished-at="2024-06-11T11:29:18 PKT" duration-ms="151" status="PASS">
          <params>
            <param index="0">
              <value>
                <![CDATA["User should be able to login with valid credentials"]]>
              </value>
            </param>
            <param index="1">
              <value>
                <![CDATA["Web Login"]]>
              </value>
            </param>
          </params>
          <reporter-output>
          </reporter-output>
        </test-method> <!-- runScenario -->
        <test-method is-config="true" signature="tearDownClass()[pri:0, instance:org.jk.runner.CucumberRunnerIT@3911c2a7]" started-at="2024-06-11T11:29:18 PKT" name="tearDownClass" finished-at="2024-06-11T11:29:18 PKT" duration-ms="7" status="PASS">
          <reporter-output>
          </reporter-output>
        </test-method> <!-- tearDownClass -->
      </class> <!-- org.jk.runner.CucumberRunnerIT -->
    </test> <!-- E:/Cucumber-Test -->
  </suite> <!-- All Test Suite -->
</testng-results>
